Added Component: Designator=Q1(*TO229P780X300X2000-3)
Add component. Clean all parameters for all variants
Added Component: Designator=Q2(*TO229P780X300X2000-3)
Add component. Clean all parameters for all variants
Added Component: Designator=Q3(*TO229P780X300X2000-3)
Add component. Clean all parameters for all variants
Added Component: Designator=Q4(*TO229P780X300X2000-3)
Add component. Clean all parameters for all variants
Added Component: Designator=Q9(*TO229P780X300X2000-3)
Add component. Clean all parameters for all variants
Added Component: Designator=Q10(*TO229P780X300X2000-3)
Add component. Clean all parameters for all variants
Added Component: Designator=Q11(*TO229P780X300X2000-3)
Add component. Clean all parameters for all variants
Added Component: Designator=Q12(*TO229P780X300X2000-3)
Add component. Clean all parameters for all variants
Added Component: Designator=Q24(*TO229P780X300X2000-3)
Add component. Clean all parameters for all variants
Added Component: Designator=Q25(*TO229P780X300X2000-3)
Add component. Clean all parameters for all variants
Added Pin To Net: NetName=+12V Pin=Q1-1
Added Pin To Net: NetName=NetP1_1 Pin=Q1-2
Added Pin To Net: NetName=NetQ1_3 Pin=Q1-3
Added Pin To Net: NetName=+12V Pin=Q2-1
Added Pin To Net: NetName=NetP2_1 Pin=Q2-2
Added Pin To Net: NetName=NetQ2_3 Pin=Q2-3
Added Pin To Net: NetName=+12V Pin=Q3-1
Added Pin To Net: NetName=NetP3_1 Pin=Q3-2
Added Pin To Net: NetName=NetQ3_3 Pin=Q3-3
Added Pin To Net: NetName=+12V Pin=Q4-1
Added Pin To Net: NetName=NetP4_1 Pin=Q4-2
Added Pin To Net: NetName=NetQ4_3 Pin=Q4-3
Added Pin To Net: NetName=+12V Pin=Q9-1
Added Pin To Net: NetName=NetP5_1 Pin=Q9-2
Added Pin To Net: NetName=NetQ9_3 Pin=Q9-3
Added Pin To Net: NetName=+12V Pin=Q10-1
Added Pin To Net: NetName=NetP6_1 Pin=Q10-2
Added Pin To Net: NetName=NetQ10_3 Pin=Q10-3
Added Pin To Net: NetName=+12V Pin=Q11-1
Added Pin To Net: NetName=NetP7_1 Pin=Q11-2
Added Pin To Net: NetName=NetQ11_3 Pin=Q11-3
Added Pin To Net: NetName=+12V Pin=Q12-1
Added Pin To Net: NetName=NetP8_1 Pin=Q12-2
Added Pin To Net: NetName=NetQ12_3 Pin=Q12-3
Added Pin To Net: NetName=+12V Pin=Q24-1
Added Pin To Net: NetName=NetP18_1 Pin=Q24-2
Added Pin To Net: NetName=NetQ24_3 Pin=Q24-3
Added Pin To Net: NetName=+12V Pin=Q25-1
Added Pin To Net: NetName=NetP19_1 Pin=Q25-2
Added Pin To Net: NetName=NetQ25_3 Pin=Q25-3
Added Member To Class: ClassName=seven_segment_driver_sche2 Member=Component Q1 BD136
Added Member To Class: ClassName=seven_segment_driver_sche2 Member=Component Q2 BD136
Added Member To Class: ClassName=seven_segment_driver_sche2 Member=Component Q3 BD136
Added Member To Class: ClassName=seven_segment_driver_sche2 Member=Component Q4 BD136
Added Member To Class: ClassName=seven_segment_driver_sche2 Member=Component Q9 BD136
Added Member To Class: ClassName=seven_segment_driver_sche2 Member=Component Q10 BD136
Added Member To Class: ClassName=seven_segment_driver_sche2 Member=Component Q11 BD136
Added Member To Class: ClassName=seven_segment_driver_sche2 Member=Component Q12 BD136
Added Member To Class: ClassName=seven_segment_driver_sche Member=Component Q24 BD136
Added Member To Class: ClassName=seven_segment_driver_sche Member=Component Q25 BD136
